Using pre-set license
Built from '2020.3/staging' branch; Version is '2020.3.16f1 (049d6eca3c44) revision 302446'; Using compiler version '192528614'; Build Type 'Release'
OS: 'Windows 10 Pro; OS build 19043.985; Version 2009; 64bit' Language: 'en' Physical Memory: 32660 MB
BatchMode: 1, IsHumanControllingUs: 0, StartBugReporterOnCrash: 0, Is64bit: 1, IsPro: 0

 COMMAND LINE ARGUMENTS:
C:\Program Files\2020.3.16f1\Editor\Unity.exe
-adb2
-batchMode
-noUpm
-name
AssetImportWorker0
-projectPath
C:/Projects/unity_google-directions/Google Directions
-logFile
Logs/AssetImportWorker0.log
-srvPort
59273
Successfully changed project path to: C:/Projects/unity_google-directions/Google Directions
C:/Projects/unity_google-directions/Google Directions
Using Asset Import Pipeline V2.
Refreshing native plugins compatible for Editor in 43.32 ms, found 2 plugins.
Preloading 0 native plugins for Editor in 0.00 ms.
Initialize engine version: 2020.3.16f1 (049d6eca3c44)
[Subsystems] Discovering subsystems at path C:/Program Files/2020.3.16f1/Editor/Data/Resources/UnitySubsystems
[Subsystems] Discovering subsystems at path C:/Projects/unity_google-directions/Google Directions/Assets
GfxDevice: creating device client; threaded=0
Direct3D:
    Version:  Direct3D 11.0 [level 11.1]
    Renderer: NVIDIA Quadro P2200 (ID=0x1c31)
    Vendor:   
    VRAM:     5030 MB
    Driver:   27.21.14.6259
Initialize mono
Mono path[0] = 'C:/Program Files/2020.3.16f1/Editor/Data/Managed'
Mono path[1] = 'C:/Program Files/2020.3.16f1/Editor/Data/MonoBleedingEdge/lib/mono/unityjit'
Mono config path = 'C:/Program Files/2020.3.16f1/Editor/Data/MonoBleedingEdge/etc'
Using monoOptions --debugger-agent=transport=dt_socket,embedding=1,server=y,suspend=n,address=127.0.0.1:56820
Begin MonoManager ReloadAssembly
Registering precompiled unity dll's ...
Register platform support module: C:/Program Files/2020.3.16f1/Editor/Data/PlaybackEngines/WindowsStandaloneSupport/UnityEditor.WindowsStandalone.Extensions.dll
Registered in 0.001389 seconds.
Native extension for WindowsStandalone target not found
Refreshing native plugins compatible for Editor in 36.06 ms, found 2 plugins.
Preloading 0 native plugins for Editor in 0.00 ms.
Mono: successfully reloaded assembly
- Completed reload, in  1.261 seconds
Domain Reload Profiling:
	ReloadAssembly (1261ms)
		BeginReloadAssembly (40ms)
			ExecutionOrderSort (0ms)
			DisableScriptedObjects (0ms)
			BackupInstance (0ms)
			ReleaseScriptingObjects (0ms)
			CreateAndSetChildDomain (1ms)
		EndReloadAssembly (332ms)
			LoadAssemblies (38ms)
			RebuildTransferFunctionScriptingTraits (0ms)
			SetupTypeCache (115ms)
			ReleaseScriptCaches (0ms)
			RebuildScriptCaches (25ms)
			SetupLoadedEditorAssemblies (133ms)
				LogAssemblyErrors (0ms)
				InitializePlatformSupportModulesInManaged (3ms)
				SetLoadedEditorAssemblies (0ms)
				RefreshPlugins (36ms)
				BeforeProcessingInitializeOnLoad (13ms)
				ProcessInitializeOnLoadAttributes (60ms)
				ProcessInitializeOnLoadMethodAttributes (21ms)
				AfterProcessingInitializeOnLoad (0ms)
				EditorAssembliesLoaded (0ms)
			ExecutionOrderSort2 (0ms)
			AwakeInstancesAfterBackupRestoration (0ms)
Platform modules already initialized, skipping
Registering precompiled user dll's ...
Registered in 0.003787 seconds.
Begin MonoManager ReloadAssembly
Native extension for WindowsStandalone target not found
Refreshing native plugins compatible for Editor in 0.55 ms, found 2 plugins.
Preloading 0 native plugins for Editor in 0.00 ms.
Mono: successfully reloaded assembly
- Completed reload, in  0.902 seconds
Domain Reload Profiling:
	ReloadAssembly (902ms)
		BeginReloadAssembly (109ms)
			ExecutionOrderSort (0ms)
			DisableScriptedObjects (4ms)
			BackupInstance (0ms)
			ReleaseScriptingObjects (0ms)
			CreateAndSetChildDomain (14ms)
		EndReloadAssembly (746ms)
			LoadAssemblies (68ms)
			RebuildTransferFunctionScriptingTraits (0ms)
			SetupTypeCache (212ms)
			ReleaseScriptCaches (0ms)
			RebuildScriptCaches (37ms)
			SetupLoadedEditorAssemblies (355ms)
				LogAssemblyErrors (0ms)
				InitializePlatformSupportModulesInManaged (4ms)
				SetLoadedEditorAssemblies (0ms)
				RefreshPlugins (1ms)
				BeforeProcessingInitializeOnLoad (69ms)
				ProcessInitializeOnLoadAttributes (247ms)
				ProcessInitializeOnLoadMethodAttributes (31ms)
				AfterProcessingInitializeOnLoad (5ms)
				EditorAssembliesLoaded (0ms)
			ExecutionOrderSort2 (0ms)
			AwakeInstancesAfterBackupRestoration (5ms)
Platform modules already initialized, skipping
========================================================================
Worker process is ready to serve import requests
Launched and connected shader compiler UnityShaderCompiler.exe after 0.03 seconds
Refreshing native plugins compatible for Editor in 0.56 ms, found 2 plugins.
Preloading 0 native plugins for Editor in 0.00 ms.
Unloading 2093 Unused Serialized files (Serialized files now loaded: 0)
System memory in use before: 85.1 MB.
System memory in use after: 85.2 MB.

Unloading 59 unused Assets to reduce memory usage. Loaded Objects now: 2497.
Total: 4.673300 ms (FindLiveObjects: 0.201400 ms CreateObjectMapping: 0.095000 ms MarkObjects: 4.311300 ms  DeleteObjects: 0.064700 ms)

AssetImportParameters requested are different than current active one (requested -> active):
  custom:framework-win-MediaFoundation: 216162199b28c13a410421893ffa2e32 -> 
  custom:video-decoder-ogg-theora: a1e56fd34408186e4bbccfd4996cb3dc -> 
  custom:container-muxer-webm: aa71ff27fc2769a1b78a27578f13a17b -> 
  custom:container-demuxer-webm: 4f35f7cbe854078d1ac9338744f61a02 -> 
  custom:container-demuxer-ogg: 62fdf1f143b41e24485cea50d1cbac27 -> 
  custom:video-encoder-webm-vp8: eb34c28f22e8b96e1ab97ce403110664 -> 
  custom:video-decoder-webm-vp8: 9c59270c3fd7afecdb556c50c9e8de78 -> 
  custom:audio-decoder-ogg-vorbis: bf7c407c2cedff20999df2af8eb42d56 -> 
  custom:audio-encoder-webm-vorbis: bf7c407c2cedff20999df2af8eb42d56 -> 
========================================================================
Received Import Request.
  path: Assets/APIKey/directions.txt
  artifactKey: Guid(daf854a2e9d8cc04da306439497806d4) Importer(815301076,1909f56bfc062723c751e8b465ee728b)
Start importing Assets/APIKey/directions.txt using Guid(daf854a2e9d8cc04da306439497806d4) Importer(815301076,1909f56bfc062723c751e8b465ee728b)  -> (artifact id: '4248ee5b4c7f040ded97e9470383fd00') in 0.022036 seconds 
  Import took 0.024529 seconds .

========================================================================
Received Import Request.
  Time since last request: 10.104163 seconds.
  path: Assets/Materials/Earth2kMaterial.mat
  artifactKey: Guid(eff9dc043a18eb344a8795d3e20ab108) Importer(815301076,1909f56bfc062723c751e8b465ee728b)
Start importing Assets/Materials/Earth2kMaterial.mat using Guid(eff9dc043a18eb344a8795d3e20ab108) Importer(815301076,1909f56bfc062723c751e8b465ee728b)  -> (artifact id: 'f2f695ea3c3f46e2085a8065212ed2f8') in 0.248173 seconds 
  Import took 0.250761 seconds .

========================================================================
Received Import Request.
  Time since last request: 0.000196 seconds.
  path: Assets/Materials/Earth2kNormal.png
  artifactKey: Guid(47baf10b56ae76347bd195f23c04002a) Importer(815301076,1909f56bfc062723c751e8b465ee728b)
Start importing Assets/Materials/Earth2kNormal.png using Guid(47baf10b56ae76347bd195f23c04002a) Importer(815301076,1909f56bfc062723c751e8b465ee728b)  -> (artifact id: '9c4f82606e9976b9e937b23f73119ab3') in 0.034099 seconds 
  Import took 0.036489 seconds .

========================================================================
Received Import Request.
  Time since last request: 0.000137 seconds.
  path: Assets/Materials/Earth2kTexture.png
  artifactKey: Guid(19dcdc22008309643a435bfa15affdb9) Importer(815301076,1909f56bfc062723c751e8b465ee728b)
Start importing Assets/Materials/Earth2kTexture.png using Guid(19dcdc22008309643a435bfa15affdb9) Importer(815301076,1909f56bfc062723c751e8b465ee728b)  -> (artifact id: '40b34d166cd4b27c29fc3f4be212ff77') in 0.005602 seconds 
  Import took 0.007965 seconds .

========================================================================
Received Import Request.
  Time since last request: 0.000119 seconds.
  path: Assets/Materials/Point.mat
  artifactKey: Guid(1c9e6c51bdf92ab41a282a71e3ac4005) Importer(815301076,1909f56bfc062723c751e8b465ee728b)
Start importing Assets/Materials/Point.mat using Guid(1c9e6c51bdf92ab41a282a71e3ac4005) Importer(815301076,1909f56bfc062723c751e8b465ee728b)  -> (artifact id: '0923be86c01b2756d937a4a0e719dbb0') in 0.148976 seconds 
  Import took 0.151661 seconds .

========================================================================
Received Import Request.
  Time since last request: 18.375473 seconds.
  path: Assets/Scenes/World.unity
  artifactKey: Guid(f8e6877a204d1724d95adda7a3977691) Importer(815301076,1909f56bfc062723c751e8b465ee728b)
Start importing Assets/Scenes/World.unity using Guid(f8e6877a204d1724d95adda7a3977691) Importer(815301076,1909f56bfc062723c751e8b465ee728b)  -> (artifact id: 'fe07d5e944472d5eb67728f247e95dd4') in 0.001690 seconds 
  Import took 0.004393 seconds .

========================================================================
Received Import Request.
  Time since last request: 0.000496 seconds.
  path: Assets/Scenes/World.unity
  artifactKey: Guid(f8e6877a204d1724d95adda7a3977691) Importer(815301076,1909f56bfc062723c751e8b465ee728b)
Start importing Assets/Scenes/World.unity using Guid(f8e6877a204d1724d95adda7a3977691) Importer(815301076,1909f56bfc062723c751e8b465ee728b)  -> (artifact id: 'fe07d5e944472d5eb67728f247e95dd4') in 0.001355 seconds 
  Import took 0.003602 seconds .

